SIMAN Run Controller.

253.24898 Minutes>
                                      ARENA Simulation Results
                                      Salman - License: STUDENT

                                  Summary for Replication 1 of 1

Project: practise 2                                                  Run execution date : 2/29/2020
Analyst: Salman                                                      Model revision date: 2/29/2020

Replication ended at time      : 253.24898 Minutes 
Base Time Units: Minutes

                                           TALLY VARIABLES

Identifier                                  Average   Half Width  Minimum    Maximum   Observations
___________________________________________________________________________________________________

E.VATime                                    .00000     (Insuf)    .00000     .00000         42    
E.NVATime                                   .00000     (Insuf)    .00000     .00000         42    
E.WaitTime                                  .00000     (Insuf)    .00000     .00000         42    
E.TranTime                                  .00000     (Insuf)    .00000     .00000         42    
E.OtherTime                                 .00000     (Insuf)    .00000     .00000         42    
E.TotalTime                                 .00000     (Insuf)    .00000     .00000         42    
Size 6 egg.VATime                               --         --         --         --          0
Size 6 egg.NVATime                              --         --         --         --          0
Size 6 egg.WaitTime                             --         --         --         --          0
Size 6 egg.TranTime                             --         --         --         --          0
Size 6 egg.OtherTime                            --         --         --         --          0
Size 6 egg.TotalTime                            --         --         --         --          0

                                     DISCRETE-CHANGE VARIABLES

Identifier                                  Average   Half Width  Minimum    Maximum   Final Value
___________________________________________________________________________________________________

E.WIP                                       .00000     (Insuf)    .00000     1.0000     .00000    
Size 6 egg.WIP                              .00000     (Insuf)    .00000     .00000     .00000    

                                             OUTPUTS

Identifier                                   Value
_____________________________________________________________

E.NumberIn                                  42.000    
E.NumberOut                                 42.000    
Size 6 egg.NumberIn                         .00000    
Size 6 egg.NumberOut                        .00000    
System.NumberOut                            42.000    


Simulation run time: 0.03 minutes.
Simulation run complete.
